action: GLOB, msg: packaging
cwd: C:\Users\signi\Music\MLops\Simple_APP
cmd: 'C:\Users\signi\anaconda3\python.exe' setup.py sdist --formats=zip --dist-dir '.tox\dist'
C:\Users\signi\anaconda3\lib\site-packages\setuptools\_distutils\dist.py:275: UserWarning: Unknown distribution option: 'package'
  warnings.warn(msg)
running sdist
running egg_info
writing src\src.egg-info\PKG-INFO
writing dependency_links to src\src.egg-info\dependency_links.txt
writing top-level names to src\src.egg-info\top_level.txt
reading manifest file 'src\src.egg-info\SOURCES.txt'
writing manifest file 'src\src.egg-info\SOURCES.txt'
running check
warning: check: missing required meta-data: url

warning: check: missing meta-data: if 'author' supplied, 'author_email' should be supplied too

creating src-0.0.1
creating src-0.0.1\src
creating src-0.0.1\src\src.egg-info
creating src-0.0.1\test
copying files to src-0.0.1...
copying README.md -> src-0.0.1
copying setup.py -> src-0.0.1
copying src\__init__.py -> src-0.0.1\src
copying src\get_data.py -> src-0.0.1\src
copying src\load_data.py -> src-0.0.1\src
copying src\split_data.py -> src-0.0.1\src
copying src\train_and_evaluate.py -> src-0.0.1\src
copying src\src.egg-info\PKG-INFO -> src-0.0.1\src\src.egg-info
copying src\src.egg-info\SOURCES.txt -> src-0.0.1\src\src.egg-info
copying src\src.egg-info\dependency_links.txt -> src-0.0.1\src\src.egg-info
copying src\src.egg-info\top_level.txt -> src-0.0.1\src\src.egg-info
copying test\test_config.py -> src-0.0.1\test
Writing src-0.0.1\setup.cfg
creating '.tox\dist\src-0.0.1.zip' and adding 'src-0.0.1' to it
adding 'src-0.0.1'
adding 'src-0.0.1\src'
adding 'src-0.0.1\test'
adding 'src-0.0.1\PKG-INFO'
adding 'src-0.0.1\README.md'
adding 'src-0.0.1\setup.cfg'
adding 'src-0.0.1\setup.py'
adding 'src-0.0.1\src\src.egg-info'
adding 'src-0.0.1\src\get_data.py'
adding 'src-0.0.1\src\load_data.py'
adding 'src-0.0.1\src\split_data.py'
adding 'src-0.0.1\src\train_and_evaluate.py'
adding 'src-0.0.1\src\__init__.py'
adding 'src-0.0.1\src\src.egg-info\dependency_links.txt'
adding 'src-0.0.1\src\src.egg-info\PKG-INFO'
adding 'src-0.0.1\src\src.egg-info\SOURCES.txt'
adding 'src-0.0.1\src\src.egg-info\top_level.txt'
adding 'src-0.0.1\test\test_config.py'
removing 'src-0.0.1' (and everything under it)
